<?xml version="1.0" encoding="UTF-8"?>
<testsuite xmlns:xsi="http://www.w3.org/2001/XMLSchema-instance" xsi:noNamespaceSchemaLocation="https://maven.apache.org/surefire/maven-surefire-plugin/xsd/surefire-test-report.xsd" name="ru.yandex.praktikum.MainTests" time="96.942" tests="7" errors="0" skipped="0" failures="1">
  <properties>
[...]
</properties>
  <testcase name="shouldClickToConstructorFromPersonalAccount" classname="ru.yandex.praktikum.MainTests" time="13.959"/>
  <testcase name="shouldBeFillingMenu" classname="ru.yandex.praktikum.MainTests" time="4.352"/>
  <testcase name="shouldBeSauceMenu" classname="ru.yandex.praktikum.MainTests" time="28.962">
    <failure message="Invalid element state: element click intercepted: Element &lt;span class=&quot;text text_type_main-default&quot;&gt;...&lt;/span&gt; is not clickable at point (363, 215). Other element would receive the click: &lt;div class=&quot;Modal_modal_overlay__x2ZCr&quot;&gt;&lt;/div&gt;&#10;Screenshot: file:/Users/s.kulik/IdeaProjects/Diplom/Diplom_3/build/reports/tests/1663699587370.1.png&#10;Page source: file:/Users/s.kulik/IdeaProjects/Diplom/Diplom_3/build/reports/tests/1663699587370.1.html&#10;Timeout: 4 s.&#10;Caused by: ElementClickInterceptedException: element click intercepted: Element &lt;span class=&quot;text text_type_main-default&quot;&gt;...&lt;/span&gt; is not clickable at point (363, 215). Other element would receive the click: &lt;div class=&quot;Modal_modal_overlay__x2ZCr&quot;&gt;&lt;/div&gt;" type="com.codeborne.selenide.ex.InvalidStateException"><![CDATA[com.codeborne.selenide.ex.InvalidStateException: 
Invalid element state: element click intercepted: Element <span class="text text_type_main-default">...</span> is not clickable at point (363, 215). Other element would receive the click: <div class="Modal_modal_overlay__x2ZCr"></div>
Screenshot: file:/Users/s.kulik/IdeaProjects/Diplom/Diplom_3/build/reports/tests/1663699587370.1.png
Page source: file:/Users/s.kulik/IdeaProjects/Diplom/Diplom_3/build/reports/tests/1663699587370.1.html
Timeout: 4 s.
Caused by: ElementClickInterceptedException: element click intercepted: Element <span class="text text_type_main-default">...</span> is not clickable at point (363, 215). Other element would receive the click: <div class="Modal_modal_overlay__x2ZCr"></div>
	at ru.yandex.praktikum.MainTests.shouldBeSauceMenu(MainTests.java:120)
Caused by: org.openqa.selenium.ElementClickInterceptedException: 
element click intercepted: Element <span class="text text_type_main-default">...</span> is not clickable at point (363, 215). Other element would receive the click: <div class="Modal_modal_overlay__x2ZCr"></div>
  (Session info: chrome=105.0.5195.125)
Build info: version: '3.141.59', revision: 'e82be7d358', time: '2018-11-14T08:17:03'
System info: host: 'mbp-skulik.local', ip: '192.168.0.100', os.name: 'Mac OS X', os.arch: 'x86_64', os.version: '12.1', java.version: '11.0.16.1'
Driver info: org.openqa.selenium.chrome.ChromeDriver
Capabilities {acceptInsecureCerts: true, browserName: chrome, browserVersion: 105.0.5195.125, chrome: {chromedriverVersion: 105.0.5195.52 (412c95e51883..., userDataDir: /var/folders/0c/v4cn1sp9499...}, goog:chromeOptions: {debuggerAddress: localhost:50957}, javascriptEnabled: true, networkConnectionEnabled: false, pageLoadStrategy: normal, platform: MAC, platformName: MAC, proxy: Proxy(), setWindowRect: true, strictFileInteractability: false, timeouts: {implicit: 0, pageLoad: 300000, script: 30000}, unhandledPromptBehavior: dismiss and notify, webauthn:extension:credBlob: true, webauthn:extension:largeBlob: true, webauthn:virtualAuthenticators: true}
Session ID: 40f686c83062ef580aa870901be6b207
	at ru.yandex.praktikum.MainTests.shouldBeSauceMenu(MainTests.java:120)
]]></failure>
    <system-err><![CDATA[Starting ChromeDriver 105.0.5195.52 (412c95e518836d8a7d97250d62b29c2ae6a26a85-refs/branch-heads/5195@{#853}) on port 26736
Only local connections are allowed.
Please see https://chromedriver.chromium.org/security-considerations for suggestions on keeping ChromeDriver safe.
ChromeDriver was started successfully.
????. 20, 2022 9:46:21 PM org.openqa.selenium.remote.ProtocolHandshake createSession
INFO: Detected dialect: W3C
[1663699597.449][SEVERE]: Timed out receiving message from renderer: 10.000
[1663699597.450][WARNING]: screenshot failed, retrying timeout: Timed out receiving message from renderer: 10.000
[1663699607.452][SEVERE]: Timed out receiving message from renderer: 10.000
]]></system-err>
  </testcase>
  <testcase name="shouldClickToLogoFromPersonalAccount" classname="ru.yandex.praktikum.MainTests" time="14.573"/>
  <testcase name="shouldRedirectToPersonalAccount" classname="ru.yandex.praktikum.MainTests" time="15.074"/>
  <testcase name="shouldBeBunMenu" classname="ru.yandex.praktikum.MainTests" time="4.989"/>
  <testcase name="shouldLogOutFromAccount" classname="ru.yandex.praktikum.MainTests" time="15.021"/>
</testsuite>